  Array.cpp
  this.CopyCnstr.cpp
D:\Shag\ItStepHw\HwRepo\Array.h(48,12): warning C4244: аргумент: преобразование "time_t" в "unsigned int", возможна потеря данных
  (компиляция исходного файла "this.CopyCnstr.cpp")
      D:\Shag\ItStepHw\HwRepo\Array.h(48,12):
      контекст создания экземпляра шаблона (сначала самый старый)
          D:\Shag\ItStepHw\HwRepo\this.CopyCnstr.cpp(18,11):
          выполняется компиляция ссылки на экземпляр класс шаблон функции "Array<char>"
          D:\Shag\ItStepHw\HwRepo\Array.h(45,1):
          во время компиляции функции-члена класс шаблон "Array<char>::Array(size_t,int,int)"
              D:\Shag\ItStepHw\HwRepo\this.CopyCnstr.cpp(24,15):
              см. первую ссылку на "Array<char>::Array" в "main"
  
D:\Shag\ItStepHw\HwRepo\Array.h(36,12): warning C4244: аргумент: преобразование "time_t" в "unsigned int", возможна потеря данных
  (компиляция исходного файла "this.CopyCnstr.cpp")
      D:\Shag\ItStepHw\HwRepo\Array.h(36,12):
      контекст создания экземпляра шаблона (сначала самый старый)
          D:\Shag\ItStepHw\HwRepo\Array.h(33,1):
          во время компиляции функции-члена класс шаблон "Array<char>::Array(size_t,bool)"
              D:\Shag\ItStepHw\HwRepo\this.CopyCnstr.cpp(20,15):
              см. первую ссылку на "Array<char>::Array" в "main"
  
D:\Shag\ItStepHw\HwRepo\Array.h(96,12): warning C4244: аргумент: преобразование "time_t" в "unsigned int", возможна потеря данных
  (компиляция исходного файла "this.CopyCnstr.cpp")
      D:\Shag\ItStepHw\HwRepo\Array.h(96,12):
      контекст создания экземпляра шаблона (сначала самый старый)
          D:\Shag\ItStepHw\HwRepo\Array.h(93,1):
          во время компиляции функции-члена класс шаблон "void Array<char>::setSize(int)"
              D:\Shag\ItStepHw\HwRepo\this.CopyCnstr.cpp(28,13):
              см. первую ссылку на "Array<char>::setSize" в "main"
  
D:\Shag\ItStepHw\HwRepo\Array.h(113,16): warning C4267: инициализация: преобразование из "size_t" в "int"; возможна потеря данных
  (компиляция исходного файла "this.CopyCnstr.cpp")
      D:\Shag\ItStepHw\HwRepo\Array.h(113,16):
      контекст создания экземпляра шаблона (сначала самый старый)
          D:\Shag\ItStepHw\HwRepo\Array.h(112,1):
          во время компиляции функции-члена класс шаблон "void Array<char>::Sort(void)"
              D:\Shag\ItStepHw\HwRepo\this.CopyCnstr.cpp(30,10):
              см. первую ссылку на "Array<char>::Sort" в "main"
  
  Создание кода...
  HwRepo.vcxproj -> D:\Shag\ItStepHw\x64\Debug\HwRepo.exe
